C:\Program Files (x86)\Microsoft Visual Studio\2017\Community\Common7\IDE\VC\VCTargets\Microsoft.CppBuild.targets(391,5): warning MSB8028: The intermediate directory (C:\Dev\2DSDL\Engine\bin\intermediates\Win32\Debug\) contains files shared from another project (BirchEngine.vcxproj).  This can lead to incorrect clean and rebuild behavior.
  Collision.cpp
c:\dev\2dsdl\engine\engine\src\ecs\tilecomponent.h(20): warning C4244: '=': conversion from 'int' to 'float', possible loss of data
c:\dev\2dsdl\engine\engine\src\ecs\tilecomponent.h(21): warning C4244: '=': conversion from 'int' to 'float', possible loss of data
c:\dev\2dsdl\engine\engine\src\ecs\tilecomponent.h(50): warning C4244: '=': conversion from 'float' to 'int', possible loss of data
c:\dev\2dsdl\engine\engine\src\ecs\tilecomponent.h(51): warning C4244: '=': conversion from 'float' to 'int', possible loss of data
  ECS.cpp
  Game.cpp
c:\dev\2dsdl\engine\engine\src\ecs\tilecomponent.h(20): warning C4244: '=': conversion from 'int' to 'float', possible loss of data
c:\dev\2dsdl\engine\engine\src\ecs\tilecomponent.h(21): warning C4244: '=': conversion from 'int' to 'float', possible loss of data
c:\dev\2dsdl\engine\engine\src\ecs\tilecomponent.h(50): warning C4244: '=': conversion from 'float' to 'int', possible loss of data
c:\dev\2dsdl\engine\engine\src\ecs\tilecomponent.h(51): warning C4244: '=': conversion from 'float' to 'int', possible loss of data
c:\dev\2dsdl\engine\engine\src\game.cpp(97): warning C4244: '=': conversion from 'float' to 'int', possible loss of data
c:\dev\2dsdl\engine\engine\src\game.cpp(98): warning C4244: '=': conversion from 'float' to 'int', possible loss of data
  GameObject.cpp
  main.cpp
  Map.cpp
c:\dev\2dsdl\engine\engine\src\ecs\tilecomponent.h(20): warning C4244: '=': conversion from 'int' to 'float', possible loss of data
c:\dev\2dsdl\engine\engine\src\ecs\tilecomponent.h(21): warning C4244: '=': conversion from 'int' to 'float', possible loss of data
c:\dev\2dsdl\engine\engine\src\ecs\tilecomponent.h(50): warning C4244: '=': conversion from 'float' to 'int', possible loss of data
c:\dev\2dsdl\engine\engine\src\ecs\tilecomponent.h(51): warning C4244: '=': conversion from 'float' to 'int', possible loss of data
  TextureManager.cpp
  Vector2D.cpp
  Generating Code...
  BirchEngine.vcxproj -> C:\Dev\2DSDL\Engine\bin\Win32\Debug\Engine.exe
